-- all messages logged in file hdlparser.log
-- Analyzing VHDL file 'C:/lscc/radiant/2023.1/ispfpga/vhdl_packages/standard.vhd' (VHDL-1481)
-- Analyzing VHDL file C:/lscc/radiant/2023.1/ispfpga/vhdl_packages/standard.vhd
C:/lscc/radiant/2023.1/ispfpga/vhdl_packages/standard.vhd(9): INFO: analyzing package 'standard' (VHDL-1014)
-- Analyzing VHDL file 'C:/lscc/radiant/2023.1/ispfpga/vhdl_packages/std_1164.vhd' (VHDL-1481)
-- Analyzing VHDL file C:/lscc/radiant/2023.1/ispfpga/vhdl_packages/std_1164.vhd
C:/lscc/radiant/2023.1/ispfpga/vhdl_packages/std_1164.vhd(15): INFO: analyzing package 'std_logic_1164' (VHDL-1014)
C:/lscc/radiant/2023.1/ispfpga/vhdl_packages/std_1164.vhd(178): INFO: analyzing package body 'std_logic_1164' (VHDL-1013)
-- Analyzing VHDL file 'C:/lscc/radiant/2023.1/ispfpga/vhdl_packages/mgc_qsim.vhd' (VHDL-1481)
-- Analyzing VHDL file C:/lscc/radiant/2023.1/ispfpga/vhdl_packages/mgc_qsim.vhd
C:/lscc/radiant/2023.1/ispfpga/vhdl_packages/mgc_qsim.vhd(18): INFO: analyzing package 'qsim_logic' (VHDL-1014)
C:/lscc/radiant/2023.1/ispfpga/vhdl_packages/mgc_qsim.vhd(753): INFO: analyzing package body 'qsim_logic' (VHDL-1013)
-- Analyzing VHDL file 'C:/lscc/radiant/2023.1/ispfpga/vhdl_packages/numeric_bit.vhd' (VHDL-1481)
-- Analyzing VHDL file C:/lscc/radiant/2023.1/ispfpga/vhdl_packages/numeric_bit.vhd
C:/lscc/radiant/2023.1/ispfpga/vhdl_packages/numeric_bit.vhd(54): INFO: analyzing package 'numeric_bit' (VHDL-1014)
C:/lscc/radiant/2023.1/ispfpga/vhdl_packages/numeric_bit.vhd(834): INFO: analyzing package body 'numeric_bit' (VHDL-1013)
-- Analyzing VHDL file 'C:/lscc/radiant/2023.1/ispfpga/vhdl_packages/numeric_std.vhd' (VHDL-1481)
-- Analyzing VHDL file C:/lscc/radiant/2023.1/ispfpga/vhdl_packages/numeric_std.vhd
C:/lscc/radiant/2023.1/ispfpga/vhdl_packages/numeric_std.vhd(57): INFO: analyzing package 'numeric_std' (VHDL-1014)
C:/lscc/radiant/2023.1/ispfpga/vhdl_packages/numeric_std.vhd(874): INFO: analyzing package body 'numeric_std' (VHDL-1013)
-- Analyzing VHDL file 'C:/lscc/radiant/2023.1/ispfpga/vhdl_packages/textio.vhd' (VHDL-1481)
-- Analyzing VHDL file C:/lscc/radiant/2023.1/ispfpga/vhdl_packages/textio.vhd
C:/lscc/radiant/2023.1/ispfpga/vhdl_packages/textio.vhd(13): INFO: analyzing package 'textio' (VHDL-1014)
C:/lscc/radiant/2023.1/ispfpga/vhdl_packages/textio.vhd(114): INFO: analyzing package body 'textio' (VHDL-1013)
-- Analyzing VHDL file 'C:/lscc/radiant/2023.1/ispfpga/vhdl_packages/std_logic_textio.vhd' (VHDL-1481)
-- Analyzing VHDL file C:/lscc/radiant/2023.1/ispfpga/vhdl_packages/std_logic_textio.vhd
C:/lscc/radiant/2023.1/ispfpga/vhdl_packages/std_logic_textio.vhd(26): INFO: analyzing package 'std_logic_textio' (VHDL-1014)
C:/lscc/radiant/2023.1/ispfpga/vhdl_packages/std_logic_textio.vhd(72): INFO: analyzing package body 'std_logic_textio' (VHDL-1013)
-- Analyzing VHDL file 'C:/lscc/radiant/2023.1/ispfpga/vhdl_packages/syn_attr.vhd' (VHDL-1481)
-- Analyzing VHDL file C:/lscc/radiant/2023.1/ispfpga/vhdl_packages/syn_attr.vhd
C:/lscc/radiant/2023.1/ispfpga/vhdl_packages/syn_attr.vhd(39): INFO: analyzing package 'attributes' (VHDL-1014)
-- Analyzing VHDL file 'C:/lscc/radiant/2023.1/ispfpga/vhdl_packages/syn_misc.vhd' (VHDL-1481)
-- Analyzing VHDL file C:/lscc/radiant/2023.1/ispfpga/vhdl_packages/syn_misc.vhd
C:/lscc/radiant/2023.1/ispfpga/vhdl_packages/syn_misc.vhd(30): INFO: analyzing package 'std_logic_misc' (VHDL-1014)
C:/lscc/radiant/2023.1/ispfpga/vhdl_packages/syn_misc.vhd(182): INFO: analyzing package body 'std_logic_misc' (VHDL-1013)
-- Analyzing VHDL file 'C:/lscc/radiant/2023.1/ispfpga/vhdl_packages/math_real.vhd' (VHDL-1481)
./.__tmp_vxr_0_(56): INFO: analyzing package 'math_real' (VHDL-1014)
./.__tmp_vxr_0_(685): INFO: analyzing package body 'math_real' (VHDL-1013)
-- Analyzing VHDL file 'C:/lscc/radiant/2023.1/ispfpga/vhdl_packages/mixed_lang_vltype.vhd' (VHDL-1481)
-- Analyzing VHDL file C:/lscc/radiant/2023.1/ispfpga/vhdl_packages/mixed_lang_vltype.vhd
C:/lscc/radiant/2023.1/ispfpga/vhdl_packages/mixed_lang_vltype.vhd(9): INFO: analyzing package 'vl_types' (VHDL-1014)
C:/lscc/radiant/2023.1/ispfpga/vhdl_packages/mixed_lang_vltype.vhd(88): INFO: analyzing package body 'vl_types' (VHDL-1013)
-- Analyzing VHDL file 'C:/lscc/radiant/2023.1/ispfpga/vhdl_packages/syn_arit.vhd' (VHDL-1481)
-- Analyzing VHDL file C:/lscc/radiant/2023.1/ispfpga/vhdl_packages/syn_arit.vhd
C:/lscc/radiant/2023.1/ispfpga/vhdl_packages/syn_arit.vhd(25): INFO: analyzing package 'std_logic_arith' (VHDL-1014)
C:/lscc/radiant/2023.1/ispfpga/vhdl_packages/syn_arit.vhd(206): INFO: analyzing package body 'std_logic_arith' (VHDL-1013)
-- Analyzing VHDL file 'C:/lscc/radiant/2023.1/ispfpga/vhdl_packages/syn_sign.vhd' (VHDL-1481)
-- Analyzing VHDL file C:/lscc/radiant/2023.1/ispfpga/vhdl_packages/syn_sign.vhd
C:/lscc/radiant/2023.1/ispfpga/vhdl_packages/syn_sign.vhd(35): INFO: analyzing package 'std_logic_signed' (VHDL-1014)
C:/lscc/radiant/2023.1/ispfpga/vhdl_packages/syn_sign.vhd(96): INFO: analyzing package body 'std_logic_signed' (VHDL-1013)
-- Analyzing VHDL file 'C:/lscc/radiant/2023.1/ispfpga/vhdl_packages/syn_unsi.vhd' (VHDL-1481)
-- Analyzing VHDL file C:/lscc/radiant/2023.1/ispfpga/vhdl_packages/syn_unsi.vhd
C:/lscc/radiant/2023.1/ispfpga/vhdl_packages/syn_unsi.vhd(35): INFO: analyzing package 'std_logic_unsigned' (VHDL-1014)
C:/lscc/radiant/2023.1/ispfpga/vhdl_packages/syn_unsi.vhd(94): INFO: analyzing package body 'std_logic_unsigned' (VHDL-1013)
-- Analyzing VHDL file 'C:/lscc/radiant/2023.1/ispfpga/vhdl_packages/synattr.vhd' (VHDL-1481)
-- Analyzing VHDL file C:/lscc/radiant/2023.1/ispfpga/vhdl_packages/synattr.vhd
C:/lscc/radiant/2023.1/ispfpga/vhdl_packages/synattr.vhd(50): INFO: analyzing package 'attributes' (VHDL-1014)
-- Analyzing Verilog file 'C:/lscc/radiant/2023.1/cae_library/synthesis/verilog/iCE40UP.v' (VERI-1482)
-- Analyzing VHDL file 'C:/lscc/radiant/2023.1/cae_library/synthesis/vhdl/iCE40UP.vhd' (VHDL-1481)
-- Analyzing VHDL file C:/lscc/radiant/2023.1/cae_library/synthesis/vhdl/iCE40UP.vhd
-- Analyzing VHDL file 'C:/lscc/radiant/2023.1/ip/pmi/pmi_iCE40UP.vhd' (VHDL-1481)
-- Analyzing VHDL file C:/lscc/radiant/2023.1/ip/pmi/pmi_iCE40UP.vhd
-- Analyzing Verilog file 'Z:/guitar_hero_tests/pll1/rtl/pll1.v' (VERI-1482)
-- Analyzing VHDL file 'Z:/guitar_hero_tests/source/impl_1/vga.vhd' (VHDL-1481)
-- Analyzing VHDL file Z:/guitar_hero_tests/source/impl_1/vga.vhd
Z:/guitar_hero_tests/source/impl_1/vga.vhd(5): INFO: analyzing entity 'vga' (VHDL-1012)
Z:/guitar_hero_tests/source/impl_1/vga.vhd(17): INFO: analyzing architecture 'synth' (VHDL-1010)
-- Analyzing VHDL file 'Z:/guitar_hero_tests/source/impl_1/top.vhd' (VHDL-1481)
-- Analyzing VHDL file Z:/guitar_hero_tests/source/impl_1/top.vhd
Z:/guitar_hero_tests/source/impl_1/top.vhd(5): INFO: analyzing entity 'top' (VHDL-1012)
Z:/guitar_hero_tests/source/impl_1/top.vhd(20): INFO: analyzing architecture 'synth' (VHDL-1010)
-- Analyzing VHDL file 'Z:/guitar_hero_tests/source/impl_1/patterngen.vhd' (VHDL-1481)
-- Analyzing VHDL file Z:/guitar_hero_tests/source/impl_1/patterngen.vhd
Z:/guitar_hero_tests/source/impl_1/patterngen.vhd(5): INFO: analyzing entity 'gen' (VHDL-1012)
Z:/guitar_hero_tests/source/impl_1/patterngen.vhd(22): INFO: analyzing architecture 'synth' (VHDL-1010)
-- Analyzing VHDL file 'Z:/guitar_hero_tests/source/impl_1/rom.vhd' (VHDL-1481)
-- Analyzing VHDL file Z:/guitar_hero_tests/source/impl_1/rom.vhd
Z:/guitar_hero_tests/source/impl_1/rom.vhd(5): INFO: analyzing entity 'rom' (VHDL-1012)
Z:/guitar_hero_tests/source/impl_1/rom.vhd(13): INFO: analyzing architecture 'synth' (VHDL-1010)
-- Analyzing VHDL file 'Z:/guitar_hero_tests/source/impl_1/one.vhd' (VHDL-1481)
-- Analyzing VHDL file Z:/guitar_hero_tests/source/impl_1/one.vhd
Z:/guitar_hero_tests/source/impl_1/one.vhd(5): INFO: analyzing entity 'one' (VHDL-1012)
Z:/guitar_hero_tests/source/impl_1/one.vhd(13): INFO: analyzing architecture 'synth' (VHDL-1010)
-- Analyzing VHDL file 'Z:/guitar_hero_tests/source/impl_1/zero.vhd' (VHDL-1481)
-- Analyzing VHDL file Z:/guitar_hero_tests/source/impl_1/zero.vhd
Z:/guitar_hero_tests/source/impl_1/zero.vhd(5): INFO: analyzing entity 'zero' (VHDL-1012)
Z:/guitar_hero_tests/source/impl_1/zero.vhd(13): INFO: analyzing architecture 'synth' (VHDL-1010)
-- Analyzing VHDL file 'Z:/guitar_hero_tests/source/impl_1/DDDD.vhd' (VHDL-1481)
-- Analyzing VHDL file Z:/guitar_hero_tests/source/impl_1/DDDD.vhd
Z:/guitar_hero_tests/source/impl_1/DDDD.vhd(6): INFO: analyzing entity 'dddd' (VHDL-1012)
Z:/guitar_hero_tests/source/impl_1/DDDD.vhd(15): INFO: analyzing architecture 'sim' (VHDL-1010)
Z:/guitar_hero_tests/source/impl_1/DDDD.vhd(18): ERROR: this construct is only supported in VHDL 1076-2008 (VHDL-1576)
ERROR <35921576> - Z:/guitar_hero_tests/source/impl_1/DDDD.vhd(18): this construct is only supported in VHDL 1076-2008. VHDL-1576
Z:/guitar_hero_tests/source/impl_1/DDDD.vhd(19): ERROR: this construct is only supported in VHDL 1076-2008 (VHDL-1576)
ERROR <35921576> - Z:/guitar_hero_tests/source/impl_1/DDDD.vhd(19): this construct is only supported in VHDL 1076-2008. VHDL-1576
Z:/guitar_hero_tests/source/impl_1/DDDD.vhd(20): ERROR: this construct is only supported in VHDL 1076-2008 (VHDL-1576)
ERROR <35921576> - Z:/guitar_hero_tests/source/impl_1/DDDD.vhd(20): this construct is only supported in VHDL 1076-2008. VHDL-1576
Z:/guitar_hero_tests/source/impl_1/DDDD.vhd(35): ERROR: this construct is only supported in VHDL 1076-2008 (VHDL-1576)
ERROR <35921576> - Z:/guitar_hero_tests/source/impl_1/DDDD.vhd(35): this construct is only supported in VHDL 1076-2008. VHDL-1576
Z:/guitar_hero_tests/source/impl_1/DDDD.vhd(38): ERROR: this construct is only supported in VHDL 1076-2008 (VHDL-1576)
ERROR <35921576> - Z:/guitar_hero_tests/source/impl_1/DDDD.vhd(38): this construct is only supported in VHDL 1076-2008. VHDL-1576
Z:/guitar_hero_tests/source/impl_1/DDDD.vhd(43): ERROR: unit 'sim' is ignored due to previous errors (VHDL-1284)
ERROR <35921284> - Z:/guitar_hero_tests/source/impl_1/DDDD.vhd(43): unit sim ignored due to previous errors. VHDL-1284
-- VHDL file 'Z:/guitar_hero_tests/source/impl_1/DDDD.vhd' is ignored due to errors (VHDL-1482)
-- Analyzing VHDL file 'Z:/guitar_hero_tests/source/impl_1/three.vhd' (VHDL-1481)
-- Analyzing VHDL file Z:/guitar_hero_tests/source/impl_1/three.vhd
Z:/guitar_hero_tests/source/impl_1/three.vhd(5): INFO: analyzing entity 'three' (VHDL-1012)
Z:/guitar_hero_tests/source/impl_1/three.vhd(13): INFO: analyzing architecture 'synth' (VHDL-1010)
-- Analyzing VHDL file 'Z:/guitar_hero_tests/source/impl_1/two.vhd' (VHDL-1481)
-- Analyzing VHDL file Z:/guitar_hero_tests/source/impl_1/two.vhd
Z:/guitar_hero_tests/source/impl_1/two.vhd(5): INFO: analyzing entity 'two' (VHDL-1012)
Z:/guitar_hero_tests/source/impl_1/two.vhd(13): INFO: analyzing architecture 'synth' (VHDL-1010)
-- Analyzing VHDL file 'Z:/guitar_hero_tests/source/impl_1/four.vhd' (VHDL-1481)
-- Analyzing VHDL file Z:/guitar_hero_tests/source/impl_1/four.vhd
Z:/guitar_hero_tests/source/impl_1/four.vhd(5): INFO: analyzing entity 'four' (VHDL-1012)
Z:/guitar_hero_tests/source/impl_1/four.vhd(13): INFO: analyzing architecture 'synth' (VHDL-1010)
-- Analyzing VHDL file 'Z:/guitar_hero_tests/source/impl_1/five.vhd' (VHDL-1481)
-- Analyzing VHDL file Z:/guitar_hero_tests/source/impl_1/five.vhd
Z:/guitar_hero_tests/source/impl_1/five.vhd(5): INFO: analyzing entity 'five' (VHDL-1012)
Z:/guitar_hero_tests/source/impl_1/five.vhd(13): INFO: analyzing architecture 'synth' (VHDL-1010)
-- Analyzing VHDL file 'Z:/guitar_hero_tests/source/impl_1/six.vhd' (VHDL-1481)
-- Analyzing VHDL file Z:/guitar_hero_tests/source/impl_1/six.vhd
Z:/guitar_hero_tests/source/impl_1/six.vhd(5): INFO: analyzing entity 'six' (VHDL-1012)
Z:/guitar_hero_tests/source/impl_1/six.vhd(13): INFO: analyzing architecture 'synth' (VHDL-1010)
-- Analyzing VHDL file 'Z:/guitar_hero_tests/source/impl_1/seven.vhd' (VHDL-1481)
-- Analyzing VHDL file Z:/guitar_hero_tests/source/impl_1/seven.vhd
Z:/guitar_hero_tests/source/impl_1/seven.vhd(5): INFO: analyzing entity 'seven' (VHDL-1012)
Z:/guitar_hero_tests/source/impl_1/seven.vhd(13): INFO: analyzing architecture 'synth' (VHDL-1010)
-- Analyzing VHDL file 'Z:/guitar_hero_tests/source/impl_1/eight.vhd' (VHDL-1481)
-- Analyzing VHDL file Z:/guitar_hero_tests/source/impl_1/eight.vhd
Z:/guitar_hero_tests/source/impl_1/eight.vhd(5): INFO: analyzing entity 'eight' (VHDL-1012)
Z:/guitar_hero_tests/source/impl_1/eight.vhd(13): INFO: analyzing architecture 'synth' (VHDL-1010)
-- Analyzing VHDL file 'Z:/guitar_hero_tests/source/impl_1/nine.vhd' (VHDL-1481)
-- Analyzing VHDL file Z:/guitar_hero_tests/source/impl_1/nine.vhd
Z:/guitar_hero_tests/source/impl_1/nine.vhd(5): INFO: analyzing entity 'nine' (VHDL-1012)
Z:/guitar_hero_tests/source/impl_1/nine.vhd(13): INFO: analyzing architecture 'synth' (VHDL-1010)
-- Analyzing VHDL file 'Z:/guitar_hero_tests/source/impl_1/end_screen.vhd' (VHDL-1481)
-- Analyzing VHDL file Z:/guitar_hero_tests/source/impl_1/end_screen.vhd
Z:/guitar_hero_tests/source/impl_1/end_screen.vhd(5): INFO: analyzing entity 'end_screen' (VHDL-1012)
Z:/guitar_hero_tests/source/impl_1/end_screen.vhd(13): INFO: analyzing architecture 'synth' (VHDL-1010)
-- Analyzing VHDL file 'Z:/guitar_hero_tests/source/impl_1/keyCompare.vhd' (VHDL-1481)
-- Analyzing VHDL file Z:/guitar_hero_tests/source/impl_1/keyCompare.vhd
Z:/guitar_hero_tests/source/impl_1/keyCompare.vhd(5): INFO: analyzing entity 'keycompare' (VHDL-1012)
Z:/guitar_hero_tests/source/impl_1/keyCompare.vhd(16): INFO: analyzing architecture 'synth' (VHDL-1010)
Z:/guitar_hero_tests/source/impl_1/keyCompare.vhd(33): ERROR: this construct is only supported in VHDL 1076-2008 (VHDL-1576)
ERROR <35921576> - Z:/guitar_hero_tests/source/impl_1/keyCompare.vhd(33): this construct is only supported in VHDL 1076-2008. VHDL-1576
Z:/guitar_hero_tests/source/impl_1/keyCompare.vhd(61): ERROR: unit 'synth' is ignored due to previous errors (VHDL-1284)
ERROR <35921284> - Z:/guitar_hero_tests/source/impl_1/keyCompare.vhd(61): unit synth ignored due to previous errors. VHDL-1284
-- VHDL file 'Z:/guitar_hero_tests/source/impl_1/keyCompare.vhd' is ignored due to errors (VHDL-1482)
-- Analyzing VHDL file 'Z:/guitar_hero_tests/source/impl_1/playAudio.vhd' (VHDL-1481)
-- Analyzing VHDL file Z:/guitar_hero_tests/source/impl_1/playAudio.vhd
Z:/guitar_hero_tests/source/impl_1/playAudio.vhd(5): INFO: analyzing entity 'playaudio' (VHDL-1012)
Z:/guitar_hero_tests/source/impl_1/playAudio.vhd(14): INFO: analyzing architecture 'synth' (VHDL-1010)
Z:/guitar_hero_tests/source/impl_1/playAudio.vhd(21): ERROR: this construct is only supported in VHDL 1076-2008 (VHDL-1576)
ERROR <35921576> - Z:/guitar_hero_tests/source/impl_1/playAudio.vhd(21): this construct is only supported in VHDL 1076-2008. VHDL-1576
Z:/guitar_hero_tests/source/impl_1/playAudio.vhd(22): ERROR: this construct is only supported in VHDL 1076-2008 (VHDL-1576)
ERROR <35921576> - Z:/guitar_hero_tests/source/impl_1/playAudio.vhd(22): this construct is only supported in VHDL 1076-2008. VHDL-1576
Z:/guitar_hero_tests/source/impl_1/playAudio.vhd(23): ERROR: this construct is only supported in VHDL 1076-2008 (VHDL-1576)
ERROR <35921576> - Z:/guitar_hero_tests/source/impl_1/playAudio.vhd(23): this construct is only supported in VHDL 1076-2008. VHDL-1576
Z:/guitar_hero_tests/source/impl_1/playAudio.vhd(24): ERROR: this construct is only supported in VHDL 1076-2008 (VHDL-1576)
ERROR <35921576> - Z:/guitar_hero_tests/source/impl_1/playAudio.vhd(24): this construct is only supported in VHDL 1076-2008. VHDL-1576
Z:/guitar_hero_tests/source/impl_1/playAudio.vhd(25): ERROR: this construct is only supported in VHDL 1076-2008 (VHDL-1576)
ERROR <35921576> - Z:/guitar_hero_tests/source/impl_1/playAudio.vhd(25): this construct is only supported in VHDL 1076-2008. VHDL-1576
Z:/guitar_hero_tests/source/impl_1/playAudio.vhd(26): ERROR: this construct is only supported in VHDL 1076-2008 (VHDL-1576)
ERROR <35921576> - Z:/guitar_hero_tests/source/impl_1/playAudio.vhd(26): this construct is only supported in VHDL 1076-2008. VHDL-1576
Z:/guitar_hero_tests/source/impl_1/playAudio.vhd(27): ERROR: this construct is only supported in VHDL 1076-2008 (VHDL-1576)
ERROR <35921576> - Z:/guitar_hero_tests/source/impl_1/playAudio.vhd(27): this construct is only supported in VHDL 1076-2008. VHDL-1576
Z:/guitar_hero_tests/source/impl_1/playAudio.vhd(28): ERROR: this construct is only supported in VHDL 1076-2008 (VHDL-1576)
ERROR <35921576> - Z:/guitar_hero_tests/source/impl_1/playAudio.vhd(28): this construct is only supported in VHDL 1076-2008. VHDL-1576
Z:/guitar_hero_tests/source/impl_1/playAudio.vhd(29): ERROR: this construct is only supported in VHDL 1076-2008 (VHDL-1576)
ERROR <35921576> - Z:/guitar_hero_tests/source/impl_1/playAudio.vhd(29): this construct is only supported in VHDL 1076-2008. VHDL-1576
Z:/guitar_hero_tests/source/impl_1/playAudio.vhd(30): ERROR: this construct is only supported in VHDL 1076-2008 (VHDL-1576)
ERROR <35921576> - Z:/guitar_hero_tests/source/impl_1/playAudio.vhd(30): this construct is only supported in VHDL 1076-2008. VHDL-1576
Z:/guitar_hero_tests/source/impl_1/playAudio.vhd(49): ERROR: unit 'synth' is ignored due to previous errors (VHDL-1284)
ERROR <35921284> - Z:/guitar_hero_tests/source/impl_1/playAudio.vhd(49): unit synth ignored due to previous errors. VHDL-1284
-- VHDL file 'Z:/guitar_hero_tests/source/impl_1/playAudio.vhd' is ignored due to errors (VHDL-1482)
-- Analyzing VHDL file 'Z:/guitar_hero_tests/source/impl_1/game.vhd' (VHDL-1481)
-- Analyzing VHDL file Z:/guitar_hero_tests/source/impl_1/game.vhd
Z:/guitar_hero_tests/source/impl_1/game.vhd(5): INFO: analyzing entity 'game' (VHDL-1012)
Z:/guitar_hero_tests/source/impl_1/game.vhd(21): INFO: analyzing architecture 'synth' (VHDL-1010)
INFO: exit parsing due to analyzing error.
